2025-07-15 23:06:07,176 - INFO - Starting pipeline!
2025-07-15 23:06:07,225 - INFO - Reading file...
2025-07-15 23:06:07,226 - INFO - Row count 3
2025-07-15 23:06:07,234 - INFO - Starting inserting new rows...
2025-07-15 23:06:07,245 - INFO - New rows inserted!
2025-07-15 23:06:07,245 - INFO - Starting updating is_current.
2025-07-15 23:06:07,246 - INFO - Update finished!
2025-07-15 23:06:07,246 - INFO - Generating timestap for file archiving.
2025-07-15 23:06:07,246 - INFO - File archived!
2025-07-15 23:06:07,246 - INFO - Pipeline ended!
2025-07-15 23:23:38,432 - INFO - Starting pipeline!
2025-07-15 23:23:38,479 - INFO - Reading file...
2025-07-15 23:23:38,481 - INFO - Row count 3
2025-07-15 23:23:38,488 - INFO - Starting inserting new rows...
2025-07-15 23:23:38,499 - INFO - New rows inserted!
2025-07-15 23:23:38,499 - INFO - Starting updating is_current.
2025-07-15 23:23:38,500 - INFO - Update finished!
2025-07-15 23:23:38,500 - INFO - Generating timestap for file archiving.
2025-07-15 23:23:38,500 - ERROR - Failed to move file to archive!
2025-07-15 23:26:34,292 - INFO - Starting pipeline!
2025-07-15 23:26:34,334 - INFO - Reading file...
2025-07-15 23:26:34,336 - INFO - Row count 3
2025-07-15 23:26:34,343 - INFO - Starting inserting new rows...
2025-07-15 23:26:34,353 - INFO - New rows inserted!
2025-07-15 23:26:34,353 - INFO - Starting updating is_current.
2025-07-15 23:26:34,354 - INFO - Update finished!
2025-07-15 23:26:34,354 - INFO - Generating timestap for file archiving.
2025-07-15 23:26:34,354 - INFO - Trying to move file: data
2025-07-15 23:26:34,354 - ERROR - Failed to move file to archive!
2025-07-15 23:28:32,093 - INFO - Starting pipeline!
2025-07-15 23:28:32,137 - INFO - Reading file...
2025-07-15 23:28:32,138 - INFO - Row count 3
2025-07-15 23:28:32,146 - INFO - Starting inserting new rows...
2025-07-15 23:28:32,154 - INFO - New rows inserted!
2025-07-15 23:28:32,154 - INFO - Starting updating is_current.
2025-07-15 23:28:32,155 - INFO - Update finished!
2025-07-15 23:28:32,155 - INFO - Generating timestap for file archiving.
2025-07-15 23:28:32,155 - INFO - Trying to move file: data
2025-07-15 23:28:32,155 - ERROR - Failed to move file to archive!
2025-07-15 23:31:24,101 - INFO - Starting pipeline!
2025-07-15 23:31:24,145 - INFO - Reading file...
2025-07-15 23:31:24,146 - INFO - Row count 3
2025-07-15 23:31:24,153 - INFO - Starting inserting new rows...
2025-07-15 23:31:24,164 - INFO - New rows inserted!
2025-07-15 23:31:24,164 - INFO - Starting updating is_current.
2025-07-15 23:31:24,165 - INFO - Update finished!
2025-07-15 23:31:24,165 - INFO - Generating timestap for file archiving.
2025-07-15 23:31:24,165 - INFO - Trying to move file: data
2025-07-15 23:31:24,165 - ERROR - Failed to move file to archive!
2025-07-15 23:31:39,830 - INFO - Starting pipeline!
2025-07-15 23:31:39,873 - INFO - Reading file...
2025-07-15 23:31:39,875 - INFO - Row count 3
2025-07-15 23:31:39,882 - INFO - Starting inserting new rows...
2025-07-15 23:31:39,894 - INFO - New rows inserted!
2025-07-15 23:31:39,894 - INFO - Starting updating is_current.
2025-07-15 23:31:39,895 - INFO - Update finished!
2025-07-15 23:31:39,895 - INFO - Generating timestap for file archiving.
2025-07-15 23:31:39,895 - INFO - Trying to move file: data
2025-07-15 23:31:39,895 - INFO - File archived!
2025-07-15 23:31:39,895 - INFO - Pipeline ended!
2025-07-16 11:51:19,452 - INFO - Starting pipeline!
2025-07-16 11:51:19,504 - INFO - Reading file...
2025-07-16 11:51:19,507 - INFO - Row count 3
2025-07-16 11:51:19,514 - INFO - Starting inserting new rows...
2025-07-16 11:51:19,522 - INFO - New rows inserted!
2025-07-16 11:51:19,522 - INFO - Starting updating is_current.
2025-07-16 11:51:19,524 - INFO - Update finished!
2025-07-16 11:51:19,524 - INFO - Generating timestap for file archiving.
2025-07-16 11:51:19,524 - INFO - Trying to move file: data
2025-07-16 11:51:19,524 - INFO - File archived!
2025-07-16 11:51:19,524 - INFO - Pipeline ended!
2025-07-16 12:41:26,175 - INFO - Starting pipeline!
2025-07-16 12:41:26,227 - INFO - Reading file...
2025-07-16 12:41:26,230 - INFO - Row count 3
2025-07-16 12:41:26,238 - INFO - Starting inserting new rows...
2025-07-16 12:41:26,251 - INFO - New rows inserted!
2025-07-16 12:41:26,251 - INFO - Starting updating is_current.
2025-07-16 12:41:26,253 - INFO - Update finished!
2025-07-16 12:41:26,253 - INFO - Generating timestap for file archiving.
2025-07-16 12:41:26,253 - INFO - Trying to move file: data
2025-07-16 12:41:26,253 - INFO - File archived!
2025-07-16 12:41:26,253 - INFO - Pipeline ended!
2025-07-16 13:32:32,470 - INFO - Starting pipeline!
2025-07-16 13:32:32,497 - INFO - Reading file...
2025-07-16 13:32:32,498 - INFO - Row count 3
2025-07-16 13:32:32,505 - INFO - Starting inserting new rows...
2025-07-16 13:32:32,513 - INFO - New rows inserted!
2025-07-16 13:32:32,513 - INFO - Starting updating is_current.
2025-07-16 13:32:32,513 - INFO - Update finished!
2025-07-16 13:32:32,513 - INFO - Generating timestap for file archiving.
2025-07-16 13:32:32,513 - INFO - Trying to move file: data
2025-07-16 13:32:32,514 - INFO - File archived!
2025-07-16 13:32:32,514 - INFO - Pipeline ended!
2025-07-16 14:21:35,377 - INFO - Starting pipeline!
2025-07-16 14:21:35,400 - INFO - Reading file...
2025-07-16 14:21:35,402 - INFO - Row count 3
2025-07-16 14:21:35,410 - INFO - Starting inserting new rows...
2025-07-16 14:21:35,421 - INFO - New rows inserted!
2025-07-16 14:21:35,421 - INFO - Starting updating is_current.
2025-07-16 14:21:35,423 - INFO - Update finished!
2025-07-16 14:21:35,423 - INFO - Generating timestap for file archiving.
2025-07-16 14:21:35,423 - INFO - Trying to move file: data
2025-07-16 14:21:35,423 - INFO - File archived!
2025-07-16 14:21:35,424 - INFO - Pipeline ended!
2025-07-16 14:23:01,629 - INFO - Starting pipeline!
2025-07-16 14:23:01,654 - INFO - Reading file...
2025-07-16 14:23:01,655 - ERROR - No files found.
2025-07-17 11:17:08,864 - INFO - Starting pipeline!
2025-07-17 11:17:08,896 - INFO - Reading file...
2025-07-17 11:17:08,898 - INFO - Row count 6
2025-07-17 11:17:08,939 - INFO - Starting inserting new rows...
2025-07-17 11:17:08,954 - INFO - New rows inserted!
2025-07-17 11:17:08,954 - INFO - Starting updating is_current.
2025-07-17 11:17:08,956 - INFO - Update finished!
2025-07-17 11:17:08,956 - INFO - Generating timestap for file archiving.
2025-07-17 11:17:08,956 - INFO - Trying to move file: data
2025-07-17 11:17:08,956 - INFO - File archived!
2025-07-17 11:17:08,956 - INFO - Pipeline ended!
2025-07-17 11:18:48,621 - INFO - Starting pipeline!
2025-07-17 11:18:48,645 - INFO - Reading file...
2025-07-17 11:18:48,646 - INFO - Row count 6
2025-07-17 11:18:48,653 - INFO - Starting inserting new rows...
2025-07-17 11:18:48,664 - INFO - New rows inserted!
2025-07-17 11:18:48,664 - INFO - Starting updating is_current.
2025-07-17 11:18:48,665 - INFO - Update finished!
2025-07-17 11:18:48,665 - INFO - Generating timestap for file archiving.
2025-07-17 11:18:48,665 - INFO - Trying to move file: data
2025-07-17 11:18:48,665 - INFO - File archived!
2025-07-17 11:18:48,665 - INFO - Pipeline ended!
2025-07-17 11:19:38,450 - INFO - Starting pipeline!
2025-07-17 11:19:38,473 - INFO - Reading file...
2025-07-17 11:19:38,475 - INFO - Row count 6
2025-07-17 11:19:38,482 - INFO - Starting inserting new rows...
2025-07-17 11:19:38,492 - INFO - New rows inserted!
2025-07-17 11:19:38,492 - INFO - Starting updating is_current.
2025-07-17 11:19:38,493 - INFO - Update finished!
2025-07-17 11:19:38,494 - INFO - Generating timestap for file archiving.
2025-07-17 11:19:38,494 - INFO - Trying to move file: data
2025-07-17 11:19:38,494 - INFO - File archived!
2025-07-17 11:19:38,494 - INFO - Pipeline ended!
2025-07-17 11:24:44,390 - INFO - Starting pipeline!
2025-07-17 11:24:44,414 - INFO - Reading file...
2025-07-17 11:24:44,415 - INFO - Row count 6
2025-07-17 11:24:44,423 - INFO - Starting inserting new rows...
2025-07-17 11:24:44,434 - INFO - New rows inserted!
2025-07-17 11:24:44,434 - INFO - Starting updating is_current.
2025-07-17 11:24:44,435 - INFO - Update finished!
2025-07-17 11:24:44,435 - INFO - Generating timestap for file archiving.
2025-07-17 11:24:44,435 - INFO - Trying to move file: data
2025-07-17 11:24:44,435 - INFO - File archived!
2025-07-17 11:24:44,435 - INFO - Pipeline ended!
2025-07-17 11:27:01,213 - INFO - Starting pipeline!
2025-07-17 11:27:01,237 - INFO - Reading file...
2025-07-17 11:27:01,238 - INFO - Row count 6
2025-07-17 11:27:01,245 - INFO - Starting inserting new rows...
2025-07-17 11:27:01,256 - INFO - New rows inserted!
2025-07-17 11:27:01,256 - INFO - Starting updating is_current.
2025-07-17 11:27:01,257 - INFO - Update finished!
2025-07-17 11:27:01,257 - INFO - Generating timestap for file archiving.
2025-07-17 11:27:01,257 - INFO - Trying to move file: data
2025-07-17 11:27:01,257 - INFO - File archived!
2025-07-17 11:27:01,257 - INFO - Pipeline ended!
2025-07-17 11:33:45,305 - INFO - Starting pipeline!
2025-07-17 11:33:45,327 - INFO - Reading file...
2025-07-17 11:33:45,328 - INFO - Row count 6
2025-07-17 11:33:45,335 - INFO - Starting inserting new rows...
2025-07-17 11:33:45,342 - INFO - New rows inserted!
2025-07-17 11:33:45,342 - INFO - Starting updating is_current.
2025-07-17 11:33:45,343 - INFO - Update finished!
2025-07-17 11:33:45,343 - INFO - Generating timestap for file archiving.
2025-07-17 11:33:45,343 - INFO - Trying to move file: data
2025-07-17 11:33:45,343 - INFO - File archived!
2025-07-17 11:33:45,343 - INFO - Pipeline ended!
2025-07-17 11:35:10,884 - INFO - Starting pipeline!
2025-07-17 11:35:10,907 - INFO - Reading file...
2025-07-17 11:35:10,908 - INFO - Row count 6
2025-07-17 11:35:10,916 - INFO - Starting inserting new rows...
2025-07-17 11:35:10,926 - INFO - New rows inserted!
2025-07-17 11:35:10,926 - INFO - Starting updating is_current.
2025-07-17 11:35:10,927 - INFO - Update finished!
2025-07-17 11:35:10,927 - INFO - Generating timestap for file archiving.
2025-07-17 11:35:10,927 - INFO - Trying to move file: data
2025-07-17 11:35:10,928 - INFO - File archived!
2025-07-17 11:35:10,928 - INFO - Pipeline ended!
